proguard-project.txt
# To enable ProGuard in your project, edit project.properties
# to define the proguard.config property as described in that file.
#
# Add project specific ProGuard rules here.
# By default, the flags in this file are appended to flags specified
# in ${sdk.dir}/tools/proguard/proguard-android.txt
# You can edit the include path and order by changing the ProGuard
# include property in project.properties.
#
# For more details, see
#   http://developer.android.com/guide/developing/tools/proguard.html

# Add any project specific keep options here:

# If your project uses WebView with JS, uncomment the following
# and specify the fully qualified class name to the JavaScript interface
# class:
  -keepclassmembers class fqcn.of.javascript.interface.for.webview {
   public *;
}

-libraryjars   libs/android-support-v4.jar
-dontwarn android.support.v4.**  
-keep class android.support.v4.** { *; }
-keep interface android.support.v4.app.** { *; }
-keep public class * extends android.support.v4.**
-keep public class * extends android.app.Fragment

-libraryjars   libs/gson-2.2.4.jar
-keepattributes Signature 
-keep class sun.misc.Unsafe { *; } 
-keep class com.google.gson.stream.** { *; } 
-keep class com.google.gson.examples.android.model.** { *; }

-libraryjars   libs/android-async-http-1.4.5.jar
-dontwarn com.loopj.android.http.** 
-libraryjars   libs/baidumapapi_v2_1_1.jar
-libraryjars   libs/easemobchat_2.1.3.jar
-dontwarn com.easemob.**
-dontwarn com.easemob.chat.**
-dontwarn ch.imvs.**
-dontwarn net.**
-dontwarn org.**
-keep class com.easemob.** { *; } 
-keep class org.** { *; } 
-keep class net.** { *; } 
-keep class ch.imvs.** { *; } 
-keep class com.easemob.a.a.** { *; } 
-keep class com.easemob.chat.** { *; } 
-libraryjars   libs/locSDK_3.3.jar
-keep class com.baidu.location.** { *; } 
-libraryjars   libs/umeng-analytics-v5.2.4.jar