proguard/seeds.txt
org.jivesoftware.smackx.ConfigureProviderManager
org.jivesoftware.smackx.ConfigureProviderManager: ConfigureProviderManager()
org.jivesoftware.smackx.ConfigureProviderManager: void configureProviderManager()
org.jivesoftware.smackx.DefaultMessageEventRequestListener
org.jivesoftware.smackx.DefaultMessageEventRequestListener: DefaultMessageEventRequestListener()
org.jivesoftware.smackx.DefaultMessageEventRequestListener: void deliveredNotificationRequested(java.lang.String,java.lang.String,org.jivesoftware.smackx.MessageEventManager)
org.jivesoftware.smackx.DefaultMessageEventRequestListener: void displayedNotificationRequested(java.lang.String,java.lang.String,org.jivesoftware.smackx.MessageEventManager)
org.jivesoftware.smackx.DefaultMessageEventRequestListener: void composingNotificationRequested(java.lang.String,java.lang.String,org.jivesoftware.smackx.MessageEventManager)
org.jivesoftware.smackx.DefaultMessageEventRequestListener: void offlineNotificationRequested(java.lang.String,java.lang.String,org.jivesoftware.smackx.MessageEventManager)
org.jivesoftware.smackx.Form
org.jivesoftware.smackx.Form: java.lang.String TYPE_FORM
org.jivesoftware.smackx.Form: java.lang.String TYPE_SUBMIT
org.jivesoftware.smackx.Form: java.lang.String TYPE_CANCEL
org.jivesoftware.smackx.Form: java.lang.String TYPE_RESULT
org.jivesoftware.smackx.Form: java.lang.String NAMESPACE
org.jivesoftware.smackx.Form: java.lang.String ELEMENT
org.jivesoftware.smackx.Form: org.jivesoftware.smackx.packet.DataForm dataForm
org.jivesoftware.smackx.Form: org.jivesoftware.smackx.Form getFormFrom(org.jivesoftware.smack.packet.Packet)
org.jivesoftware.smackx.Form: Form(org.jivesoftware.smackx.packet.DataForm)
org.jivesoftware.smackx.Form: Form(java.lang.String)
org.jivesoftware.smackx.Form: void addField(org.jivesoftware.smackx.FormField)
org.jivesoftware.smackx.Form: void setAnswer(java.lang.String,java.lang.String)
org.jivesoftware.smackx.Form: void setAnswer(java.lang.String,int)
org.jivesoftware.smackx.Form: void setAnswer(java.lang.String,long)
org.jivesoftware.smackx.Form: void setAnswer(java.lang.String,float)
org.jivesoftware.smackx.Form: void setAnswer(java.lang.String,double)
org.jivesoftware.smackx.Form: void setAnswer(java.lang.String,boolean)
org.jivesoftware.smackx.Form: void setAnswer(org.jivesoftware.smackx.FormField,java.lang.Object)
org.jivesoftware.smackx.Form: void setAnswer(java.lang.String,java.util.List)
org.jivesoftware.smackx.Form: void setDefaultAnswer(java.lang.String)
org.jivesoftware.smackx.FormField
org.jivesoftware.smackx.FormField: java.lang.String TYPE_BOOLEAN
org.jivesoftware.smackx.FormField: java.lang.String TYPE_FIXED
org.jivesoftware.smackx.FormField: java.lang.String TYPE_HIDDEN
org.jivesoftware.smackx.FormField: java.lang.String TYPE_JID_MULTI
org.jivesoftware.smackx.FormField: java.lang.String TYPE_JID_SINGLE
org.jivesoftware.smackx.FormField: java.lang.String TYPE_LIST_MULTI
org.jivesoftware.smackx.FormField: java.lang.String TYPE_LIST_SINGLE
org.jivesoftware.smackx.FormField: java.lang.String TYPE_TEXT_MULTI
org.jivesoftware.smackx.FormField: java.lang.String TYPE_TEXT_PRIVATE
org.jivesoftware.smackx.FormField: java.lang.String TYPE_TEXT_SINGLE
org.jivesoftware.smackx.FormField: java.lang.String description
org.jivesoftware.smackx.FormField: boolean required
org.jivesoftware.smackx.FormField: java.lang.String label
org.jivesoftware.smackx.FormField: java.lang.String variable
org.jivesoftware.smackx.FormField: java.lang.String type
org.jivesoftware.smackx.FormField: java.util.List options
org.jivesoftware.smackx.FormField: java.util.List values
org.jivesoftware.smackx.FormField: FormField(java.lang.String)
org.jivesoftware.smackx.FormField: FormField()
org.jivesoftware.smackx.FormField: java.lang.String getDescription()
org.jivesoftware.smackx.FormField: java.lang.String getLabel()
org.jivesoftware.smackx.FormField: java.util.Iterator getOptions()