proguard/mapping.txt
com.easemob.chat.StartServiceReceiver -> com.easemob.chat.StartServiceReceiver:
    void onReceive(android.content.Context,android.content.Intent) -> onReceive
    void schduleNextHeartbeat(android.content.Context) -> schduleNextHeartbeat
com.easemob.chat.SwipeCmdProcessor -> com.easemob.chat.SwipeCmdProcessor:
    java.lang.String TAG -> TAG
    java.lang.String action -> action
    java.lang.String getAction() -> getAction
    boolean processCmd(com.easemob.chat.EMMessage) -> processCmd
    void deleteDir(java.io.File) -> deleteDir
com.easemob.chat.TextMessageBody -> com.easemob.chat.TextMessageBody:
    java.lang.String message -> message
    android.os.Parcelable$Creator CREATOR -> CREATOR
    java.lang.String getMessage() -> getMessage
    java.lang.String toString() -> toString
    int describeContents() -> describeContents
    void writeToParcel(android.os.Parcel,int) -> writeToParcel
com.easemob.chat.TextMessageBody$1 -> com.easemob.chat.TextMessageBody$1:
    com.easemob.chat.TextMessageBody createFromParcel(android.os.Parcel) -> createFromParcel
    com.easemob.chat.TextMessageBody[] newArray(int) -> newArray
    java.lang.Object[] newArray(int) -> newArray
    java.lang.Object createFromParcel(android.os.Parcel) -> createFromParcel
com.easemob.chat.VideoMessageBody -> com.easemob.chat.VideoMessageBody:
    int length -> length
    java.lang.String thumbnailUrl -> thumbnailUrl
    java.lang.String localThumb -> localThumb
    java.lang.String thumbnailSecret -> thumbnailSecret
    long file_length -> file_length
    android.os.Parcelable$Creator CREATOR -> CREATOR
    java.lang.String getThumbnailUrl() -> getThumbnailUrl
    void setThumbnailUrl(java.lang.String) -> setThumbnailUrl
    long getVideoFileLength() -> getVideoFileLength
    void setVideoFileLength(long) -> setVideoFileLength
    void setLocalThumb(java.lang.String) -> setLocalThumb
    java.lang.String getLocalThumb() -> getLocalThumb
    int getLength() -> getLength
    java.lang.String toString() -> toString
    int describeContents() -> describeContents
    void writeToParcel(android.os.Parcel,int) -> writeToParcel
    void setThumbnailSecret(java.lang.String) -> setThumbnailSecret
    java.lang.String getThumbnailSecret() -> getThumbnailSecret
com.easemob.chat.VideoMessageBody$1 -> com.easemob.chat.VideoMessageBody$1:
    com.easemob.chat.VideoMessageBody[] newArray(int) -> newArray
    com.easemob.chat.VideoMessageBody createFromParcel(android.os.Parcel) -> createFromParcel
    java.lang.Object[] newArray(int) -> newArray
    java.lang.Object createFromParcel(android.os.Parcel) -> createFromParcel
com.easemob.chat.VoiceMessageBody -> com.easemob.chat.VoiceMessageBody:
    int length -> length
    android.os.Parcelable$Creator CREATOR -> CREATOR
    int getLength() -> getLength
    java.lang.String toString() -> toString
    int describeContents() -> describeContents
    void writeToParcel(android.os.Parcel,int) -> writeToParcel
com.easemob.chat.VoiceMessageBody$1 -> com.easemob.chat.VoiceMessageBody$1:
    com.easemob.chat.VoiceMessageBody createFromParcel(android.os.Parcel) -> createFromParcel
    com.easemob.chat.VoiceMessageBody[] newArray(int) -> newArray
    java.lang.Object[] newArray(int) -> newArray
    java.lang.Object createFromParcel(android.os.Parcel) -> createFromParcel
com.easemob.chat.a.a.a -> com.easemob.chat.a.a.a:
    java.lang.String a -> a
    java.lang.String b -> b
    java.lang.String getChildElementXML() -> getChildElementXML
com.easemob.chat.a.a.b -> com.easemob.chat.a.a.b: