proguard/usage.txt
com.baidu.mapapi.map.MapController:
    public void animateTo(com.baidu.platform.comapi.basestruct.GeoPoint,android.os.Message)
    public boolean onKey(android.view.View,int,android.view.KeyEvent)
    public void scrollBy(int,int)
    public void setRotation(int)
    public void setOverlooking(int)
    public boolean zoomInFixing(int,int)
    public boolean zoomOutFixing(int,int)
    public void zoomToSpan(int,int)
    public boolean handleFling(android.view.MotionEvent,android.view.MotionEvent,float,float)
com.baidu.mapapi.map.MapView:
    public void preLoad()
    void a(int,int)
    public boolean isSatellite()
    public boolean isDoubleClickZooming()
    public void displayZoomControls(boolean)
com.baidu.mapapi.map.MapView$LayoutParams:
    public static final int MODE_MAP
    public static final int MODE_VIEW
    public static final int LEFT
    public static final int RIGHT
    public static final int TOP
    public static final int BOTTOM
    public static final int CENTER_HORIZONTAL
    public static final int CENTER_VERTICAL
    public static final int CENTER
    public static final int TOP_LEFT
    public static final int BOTTOM_CENTER
    public MapView$LayoutParams(int,int,com.baidu.platform.comapi.basestruct.GeoPoint,int)
    public MapView$LayoutParams(int,int,com.baidu.platform.comapi.basestruct.GeoPoint,int,int,int)
    public MapView$LayoutParams(int,int,int,int,int)
com.baidu.mapapi.map.MapView$a:
    public float metersToEquatorPixels(float)
com.baidu.mapapi.map.MyLocationOverlay:
    private com.baidu.mapapi.map.LocationData a
    private com.baidu.mapapi.map.MapView b
    private boolean c
    public MyLocationOverlay(com.baidu.mapapi.map.MapView)
    public boolean enableCompass()
    public void disableCompass()
    public boolean isCompassEnable()
    public void setData(com.baidu.mapapi.map.LocationData)
    public com.baidu.mapapi.map.LocationData getMyLocation()
com.baidu.mapapi.map.OverlayItem:
    public java.lang.String getSnippet()
    public java.lang.String getTitle()
    void a(int)
com.baidu.mapapi.map.PoiOverlay:
    public PoiOverlay(android.app.Activity,com.baidu.mapapi.map.MapView)
    public void setData(java.util.ArrayList)
    public void animateTo()
    public int size()
    public com.baidu.mapapi.search.MKPoiInfo getPoi(int)
com.baidu.mapapi.map.PopupOverlay:
    private com.baidu.mapapi.map.MapView b
    private com.baidu.mapapi.map.MapController c
    public PopupOverlay(com.baidu.mapapi.map.MapView,com.baidu.mapapi.map.PopupClickListener)
    public void showPopup(android.graphics.Bitmap[],com.baidu.platform.comapi.basestruct.GeoPoint,int)
    private android.graphics.Bitmap a(android.graphics.Bitmap,android.graphics.Bitmap,android.graphics.Bitmap)
    public void showPopup(android.graphics.Bitmap,com.baidu.platform.comapi.basestruct.GeoPoint,int)
    public void hidePop()
com.baidu.mapapi.map.RouteOverlay:
    public java.util.ArrayList mRoute
    private java.util.ArrayList a
    public RouteOverlay(android.app.Activity,com.baidu.mapapi.map.MapView)
    public void setData(com.baidu.mapapi.search.MKRoute)
    private void c()
    public void animateTo()
    protected com.baidu.mapapi.map.OverlayItem createItem(int)
    public int size()
com.baidu.mapapi.map.RouteOverlay$1
com.baidu.mapapi.map.RouteOverlay$a
com.baidu.mapapi.map.Symbol:
    public Symbol()
    public void setPointSymbol(com.baidu.mapapi.map.Symbol$Color)
    public void setLineSymbol(com.baidu.mapapi.map.Symbol$Color,int)
    public void setSurface(com.baidu.mapapi.map.Symbol$Color,int,int)
com.baidu.mapapi.map.Symbol$Color:
    final synthetic com.baidu.mapapi.map.Symbol a
    public Symbol$Color(com.baidu.mapapi.map.Symbol)